\BOOKMARK [0][]{chapter.1}{\376\377\0001\000\040\000I\000n\000d\000l\000e\000d\000n\000i\000n\000g}{}% 1
\BOOKMARK [0][]{chapter.2}{\376\377\0002\000\040\000N\000i\000v\000e\000a\000u\000\040\0001}{}% 2
\BOOKMARK [1][]{section*.3}{\376\377\000E\000v\000n\000e\000\040\000b\000e\000s\000k\000r\000i\000v\000e\000l\000s\000e}{chapter.2}% 3
\BOOKMARK [2][]{subsection*.4}{\376\377\000A\000k\000a\000d\000e\000m\000i\000s\000k\000e\000\040\000K\000o\000n\000t\000a\000k\000t\000e\000r\000\040\000n\000i\000v\000\040\0001}{section*.3}% 4
\BOOKMARK [2][]{subsection*.5}{\376\377\000B\000r\000u\000g\000\040\000a\000f\000\040\000P\000i\000s\000t\000o\000l}{section*.3}% 5
\BOOKMARK [2][]{subsection*.6}{\376\377\000G\000r\000u\000p\000p\000e\000s\000t\000i\000f\000t\000e\000r\000\040\000N\000i\000v\000.\000\040\0001}{section*.3}% 6
\BOOKMARK [2][]{subsection*.7}{\376\377\000I\000n\000v\000e\000s\000t\000o\000r\000e\000r\000\040\000N\000i\000v\000.\000\040\0001}{section*.3}% 7
\BOOKMARK [2][]{subsection*.8}{\376\377\000L\000\346\000s\000e\000\040\000o\000g\000\040\000s\000k\000r\000i\000v\000e\000\040\000E\000l\000v\000i\000s\000k}{section*.3}% 8
\BOOKMARK [2][]{subsection*.10}{\376\377\000R\000y\000g\000t\000e\000\040\000S\000p\000r\000e\000d\000e\000r\000/\000S\000a\000m\000l\000e\000r\000\040\000N\000i\000v\000.\000\040\0001}{section*.3}% 9
\BOOKMARK [0][]{chapter.3}{\376\377\0003\000\040\000N\000i\000v\000e\000a\000u\000\040\0002}{}% 10
\BOOKMARK [1][]{section*.12}{\376\377\000E\000v\000n\000e\000\040\000b\000e\000s\000k\000r\000i\000v\000e\000l\000s\000e}{chapter.3}% 11
\BOOKMARK [2][]{subsection*.13}{\376\377\000A\000k\000a\000d\000e\000m\000i\000s\000k\000e\000\040\000K\000o\000n\000t\000a\000k\000t\000e\000r\000\040\000N\000i\000v\000.\000\040\0002}{section*.12}% 12
\BOOKMARK [2][]{subsection*.14}{\376\377\000G\000r\000u\000p\000p\000e\000s\000t\000i\000f\000t\000e\000r\000\040\000N\000i\000v\000.\000\040\0002}{section*.12}% 13
\BOOKMARK [2][]{subsection*.15}{\376\377\000H\000e\000l\000b\000r\000e\000d\000\040\000S\000\345\000r}{section*.12}% 14
\BOOKMARK [2][]{subsection*.16}{\376\377\000I\000n\000v\000e\000s\000t\000o\000r\000e\000r\000\040\000N\000i\000v\000.\000\040\0002}{section*.12}% 15
\BOOKMARK [2][]{subsection*.16}{\376\377\000R\000e\000p\000a\000r\000e\000r\000e\000\040\000r\000u\000s\000t\000n\000i\000n\000g\000\040\000N\000i\000v\000.\000\040\0001}{section*.12}% 16
\BOOKMARK [0][]{chapter.4}{\376\377\0004\000\040\000N\000i\000v\000e\000a\000u\000\040\0003}{}% 17
\BOOKMARK [1][]{section*.18}{\376\377\000E\000v\000n\000e\000\040\000b\000e\000s\000k\000r\000i\000v\000e\000l\000s\000e}{chapter.4}% 18
\BOOKMARK [2][]{subsection*.19}{\376\377\000A\000k\000a\000d\000e\000m\000i\000s\000k\000e\000\040\000K\000o\000n\000t\000a\000k\000t\000e\000r\000\040\000N\000i\000v\000.\000\040\0003}{section*.18}% 19
\BOOKMARK [2][]{subsection*.20}{\376\377\000B\000o\000r\000g\000a\000d\000m\000i\000n\000i\000s\000t\000r\000a\000t\000o\000r}{section*.18}% 20
\BOOKMARK [2][]{subsection*.21}{\376\377\000D\000i\000p\000l\000o\000m\000a\000t\000i\000s\000k\000\040\000m\000a\000g\000t\000\040\000N\000i\000v\000.\000\040\0001}{section*.18}% 21
\BOOKMARK [2][]{subsection*.22}{\376\377\000G\000r\000u\000p\000p\000e\000s\000t\000i\000f\000t\000e\000r\000\040\000N\000i\000v\000.\000\040\0003}{section*.18}% 22
\BOOKMARK [2][]{subsection*.23}{\376\377\000I\000n\000v\000e\000s\000t\000o\000r\000e\000r\000\040\000N\000i\000v\000.\000\040\0003}{section*.18}% 23
\BOOKMARK [0][]{chapter.5}{\376\377\0005\000\040\000N\000i\000v\000e\000a\000u\000\040\0004}{}% 24
\BOOKMARK [1][]{section*.25}{\376\377\000E\000v\000n\000e\000\040\000b\000e\000s\000k\000r\000i\000v\000e\000l\000s\000e}{chapter.5}% 25
\BOOKMARK [2][]{subsection*.26}{\376\377\000A\000k\000a\000d\000e\000m\000i\000s\000k\000e\000\040\000K\000o\000n\000t\000a\000k\000t\000e\000r\000\040\000N\000i\000v\000.\000\040\0004}{section*.25}% 26
\BOOKMARK [2][]{subsection*.27}{\376\377\000D\000i\000p\000l\000o\000m\000a\000t\000i\000s\000k\000\040\000m\000a\000g\000t\000\040\000N\000i\000v\000.\000\040\0002}{section*.25}% 27
\BOOKMARK [2][]{subsection*.28}{\376\377\000F\000a\000k\000t\000i\000o\000n\000s\000l\000e\000d\000e\000r}{section*.25}% 28
\BOOKMARK [2][]{subsection*.29}{\376\377\000G\000u\000l\000d\000\040\000f\000o\000r\000\040\000M\000a\000g\000t}{section*.25}% 29
\BOOKMARK [2][]{subsection*.30}{\376\377\000K\000n\000a\000l\000d\000k\000o\000n\000g\000e}{section*.25}% 30
\BOOKMARK [2][]{subsection*.30}{\376\377\000I\000n\000v\000e\000s\000t\000o\000r\000e\000r\000\040\000N\000i\000v\000.\000\040\0004}{section*.25}% 31
\BOOKMARK [2][]{subsection*.30}{\376\377\000I\000n\000v\000e\000s\000t\000o\000r\000e\000r\000\040\000N\000i\000v\000.\000\040\0005}{section*.25}% 32
\BOOKMARK [0][]{chapter*.31}{\376\377\000G\000e\000n\000e\000r\000e\000l\000l\000e\000\040\000e\000v\000n\000e\000r}{}% 33
\BOOKMARK [1][]{table.caption.32}{\376\377\000E\000v\000n\000e\000\040\000b\000e\000s\000k\000r\000i\000v\000e\000l\000s\000e}{chapter*.31}% 34
\BOOKMARK [2][]{section*.33}{\376\377\0006\000.\000\040\000s\000a\000n\000s\000\040\000N\000i\000v\000.\000\040\0001}{table.caption.32}% 35
\BOOKMARK [2][]{section*.33}{\376\377\0006\000.\000\040\000s\000a\000n\000s\000\040\000N\000i\000v\000.\000\040\0002}{table.caption.32}% 36
\BOOKMARK [2][]{section*.33}{\376\377\000B\000o\000n\000k}{table.caption.32}% 37
\BOOKMARK [2][]{subsection*.34}{\376\377\000B\000r\000u\000g\000\040\000a\000f\000\040\000p\000i\000s\000t\000o\000l}{table.caption.32}% 38
\BOOKMARK [2][]{subsection*.34}{\376\377\000B\000\346\000r\000e\000\040\000p\000e\000r\000s\000o\000n}{table.caption.32}% 39
\BOOKMARK [2][]{subsection*.35}{\376\377\000F\000\370\000r\000s\000t\000e\000h\000j\000\346\000l\000p}{table.caption.32}% 40
\BOOKMARK [2][]{subsection*.35}{\376\377\000L\000\346\000s\000e\000\040\000o\000g\000\040\000s\000k\000r\000i\000v\000e}{table.caption.32}% 41
\BOOKMARK [2][]{subsection*.35}{\376\377\000M\000i\000n\000e\000a\000r\000b\000e\000j\000d\000e\000r}{table.caption.32}% 42
\BOOKMARK [2][]{subsection*.35}{\376\377\000P\000\345\000f\000\370\000r\000\040\000g\000i\000f\000t}{table.caption.32}% 43
\BOOKMARK [2][]{subsection*.35}{\376\377\000S\000l\000a\000g\000s\000b\000r\000o\000r\000\040\000N\000i\000v\000.\000\040\0001}{table.caption.32}% 44
\BOOKMARK [2][]{subsection*.35}{\376\377\000S\000l\000a\000g\000s\000b\000r\000o\000r\000\040\000N\000i\000v\000.\000\040\0002}{table.caption.32}% 45
\BOOKMARK [2][]{subsection*.35}{\376\377\000S\000l\000a\000g\000s\000b\000r\000o\000r\000\040\000N\000i\000v\000.\000\040\0002}{table.caption.32}% 46
\BOOKMARK [2][]{subsection*.35}{\376\377\000S\000p\000e\000c\000i\000a\000l\000e}{table.caption.32}% 47
\BOOKMARK [2][]{subsection*.36}{\376\377\000U\000r\000t\000e\000s\000a\000m\000l\000e\000r}{table.caption.32}% 48
